Using pre-set license
Built from '2020.3/release' branch; Version is '2020.3.15f2 (6cf78cb77498) revision 7141260'; Using compiler version '192528614'; Build Type 'Release'
OS: 'Windows 10 Home Single Language; OS build 19042.1466; Version 2009; 64bit' Language: 'es' Physical Memory: 15789 MB
BatchMode: 1, IsHumanControllingUs: 0, StartBugReporterOnCrash: 0, Is64bit: 1, IsPro: 0

 COMMAND LINE ARGUMENTS:
C:\Program Files\Unity\2020.3.15f2\Editor\Unity.exe
-adb2
-batchMode
-noUpm
-name
AssetImportWorker0
-projectPath
C:/TempleEscapeV2
-logFile
Logs/AssetImportWorker0.log
-srvPort
56288
Successfully changed project path to: C:/TempleEscapeV2
C:/TempleEscapeV2
Using Asset Import Pipeline V2.
Refreshing native plugins compatible for Editor in 167.29 ms, found 7 plugins.
Preloading 1 native plugins for Editor in 1.60 ms.
Initialize engine version: 2020.3.15f2 (6cf78cb77498)
[Subsystems] Discovering subsystems at path C:/Program Files/Unity/2020.3.15f2/Editor/Data/Resources/UnitySubsystems
[Subsystems] Discovering subsystems at path C:/TempleEscapeV2/Assets
GfxDevice: creating device client; threaded=0
Direct3D:
    Version:  Direct3D 11.0 [level 11.1]
    Renderer: NVIDIA GeForce GTX 1660 Ti (ID=0x2191)
    Vendor:   
    VRAM:     5991 MB
    Driver:   27.21.14.6192
Shader 'Oculus/OVRMRCameraFrameLit': fallback shader 'Alpha-Diffuse' not found
Shader 'Universal Render Pipeline/Particles/Lit': fallback shader 'Universal Render Pipeline/Particles/SimpleLit' not found
Initialize mono
Mono path[0] = 'C:/Program Files/Unity/2020.3.15f2/Editor/Data/Managed'
Mono path[1] = 'C:/Program Files/Unity/2020.3.15f2/Editor/Data/MonoBleedingEdge/lib/mono/unityjit'
Mono config path = 'C:/Program Files/Unity/2020.3.15f2/Editor/Data/MonoBleedingEdge/etc'
Using monoOptions --debugger-agent=transport=dt_socket,embedding=1,server=y,suspend=n,address=127.0.0.1:56396
Begin MonoManager ReloadAssembly
Registering precompiled unity dll's ...
Register platform support module: C:/Program Files/Unity/2020.3.15f2/Editor/Data/PlaybackEngines/WebGLSupport/UnityEditor.WebGL.Extensions.dll
Register platform support module: C:/Program Files/Unity/2020.3.15f2/Editor/Data/PlaybackEngines/WindowsStandaloneSupport/UnityEditor.WindowsStandalone.Extensions.dll
Registered in 0.004340 seconds.
Native extension for WindowsStandalone target not found
Native extension for WebGL target not found
Refreshing native plugins compatible for Editor in 189.75 ms, found 7 plugins.
Preloading 1 native plugins for Editor in 0.19 ms.
Mono: successfully reloaded assembly
- Completed reload, in  4.085 seconds
Domain Reload Profiling:
	ReloadAssembly (4085ms)
		BeginReloadAssembly (90ms)
			ExecutionOrderSort (0ms)
			DisableScriptedObjects (0ms)
			BackupInstance (0ms)
			ReleaseScriptingObjects (0ms)
			CreateAndSetChildDomain (1ms)
		EndReloadAssembly (811ms)
			LoadAssemblies (86ms)
			RebuildTransferFunctionScriptingTraits (0ms)
			SetupTypeCache (219ms)
			ReleaseScriptCaches (0ms)
			RebuildScriptCaches (61ms)
			SetupLoadedEditorAssemblies (396ms)
				LogAssemblyErrors (0ms)
				InitializePlatformSupportModulesInManaged (9ms)
				SetLoadedEditorAssemblies (0ms)
				RefreshPlugins (190ms)
				BeforeProcessingInitializeOnLoad (22ms)
				ProcessInitializeOnLoadAttributes (131ms)
				ProcessInitializeOnLoadMethodAttributes (43ms)
				AfterProcessingInitializeOnLoad (0ms)
				EditorAssembliesLoaded (0ms)
			ExecutionOrderSort2 (0ms)
			AwakeInstancesAfterBackupRestoration (0ms)
Platform modules already initialized, skipping
Registering precompiled user dll's ...
Registered in 0.017801 seconds.
Begin MonoManager ReloadAssembly
Native extension for WindowsStandalone target not found
Native extension for WebGL target not found
Refreshing native plugins compatible for Editor in 100.25 ms, found 7 plugins.
Preloading 1 native plugins for Editor in 0.14 ms.
[XR] OculusXRPlugin: registering subsystems
[XR] Unable to register display lifecyle provider: [1]
[XR] Oculus Input lifecycle provider registered.
[XR] Unable to register input lifecyle provider: [1]
[XR] OVRP version 1.67.0
Mono: successfully reloaded assembly
- Completed reload, in  1.740 seconds
Domain Reload Profiling:
	ReloadAssembly (1741ms)
		BeginReloadAssembly (188ms)
			ExecutionOrderSort (0ms)
			DisableScriptedObjects (5ms)
			BackupInstance (0ms)
			ReleaseScriptingObjects (0ms)
			CreateAndSetChildDomain (20ms)
		EndReloadAssembly (1465ms)
			LoadAssemblies (139ms)
			RebuildTransferFunctionScriptingTraits (0ms)
			SetupTypeCache (409ms)
			ReleaseScriptCaches (1ms)
			RebuildScriptCaches (88ms)
			SetupLoadedEditorAssemblies (703ms)
				LogAssemblyErrors (0ms)
				InitializePlatformSupportModulesInManaged (5ms)
				SetLoadedEditorAssemblies (0ms)
				RefreshPlugins (100ms)
				BeforeProcessingInitializeOnLoad (141ms)
				ProcessInitializeOnLoadAttributes (433ms)
				ProcessInitializeOnLoadMethodAttributes (15ms)
				AfterProcessingInitializeOnLoad (8ms)
				EditorAssembliesLoaded (0ms)
			ExecutionOrderSort2 (0ms)
			AwakeInstancesAfterBackupRestoration (5ms)
Platform modules already initialized, skipping
========================================================================
Worker process is ready to serve import requests
Shader 'Universal Render Pipeline/Particles/Lit': fallback shader 'Universal Render Pipeline/Particles/SimpleLit' not found
Shader 'Oculus/OVRMRCameraFrameLit': fallback shader 'Alpha-Diffuse' not found
Launched and connected shader compiler UnityShaderCompiler.exe after 0.07 seconds
Refreshing native plugins compatible for Editor in 1.57 ms, found 7 plugins.
Preloading 1 native plugins for Editor in 0.16 ms.
Unloading 4076 Unused Serialized files (Serialized files now loaded: 0)
System memory in use before: 257.5 MB.
System memory in use after: 257.2 MB.

Unloading 59 unused Assets to reduce memory usage. Loaded Objects now: 4531.
Total: 4.922400 ms (FindLiveObjects: 0.495000 ms CreateObjectMapping: 0.150200 ms MarkObjects: 3.783100 ms  DeleteObjects: 0.492300 ms)

AssetImportParameters requested are different than current active one (requested -> active):
  custom:framework-win-MediaFoundation: 216162199b28c13a410421893ffa2e32 -> 
  custom:video-decoder-ogg-theora: a1e56fd34408186e4bbccfd4996cb3dc -> 
  custom:container-muxer-webm: aa71ff27fc2769a1b78a27578f13a17b -> 
  custom:container-demuxer-webm: 4f35f7cbe854078d1ac9338744f61a02 -> 
  custom:container-demuxer-ogg: 62fdf1f143b41e24485cea50d1cbac27 -> 
  custom:video-encoder-webm-vp8: eb34c28f22e8b96e1ab97ce403110664 -> 
  custom:video-codec-MediaFoundation-h265: 746d11721c4dcdbdad8f713fa42b33f4 -> 
  custom:video-decoder-webm-vp8: 9c59270c3fd7afecdb556c50c9e8de78 -> 
  custom:audio-decoder-ogg-vorbis: bf7c407c2cedff20999df2af8eb42d56 -> 
  custom:audio-encoder-webm-vorbis: bf7c407c2cedff20999df2af8eb42d56 -> 
========================================================================
Received Import Request.
  path: Assets/External Assets/Fonts
  artifactKey: Guid(f291c7680bbb2fe4eb0c6641e4359436) Importer(815301076,1909f56bfc062723c751e8b465ee728b)
Start importing Assets/External Assets/Fonts using Guid(f291c7680bbb2fe4eb0c6641e4359436) Importer(815301076,1909f56bfc062723c751e8b465ee728b)  -> (artifact id: '9a88e7252967c44958cbb5ef5736a108') in 0.016854 seconds 
  Import took 0.024882 seconds .

========================================================================
Received Import Request.
  Time since last request: 31.302266 seconds.
  path: Assets/External Assets/Fonts/OpenSans-Bold.ttf
  artifactKey: Guid(1120e858c627e6e40b7bc594eed5d6cf) Importer(815301076,1909f56bfc062723c751e8b465ee728b)
Start importing Assets/External Assets/Fonts/OpenSans-Bold.ttf using Guid(1120e858c627e6e40b7bc594eed5d6cf) Importer(815301076,1909f56bfc062723c751e8b465ee728b)  -> (artifact id: '2f4d111714e5d466e3cd3f8eb132af18') in 0.250211 seconds 
  Import took 0.257109 seconds .

========================================================================
Received Import Request.
  Time since last request: 0.000340 seconds.
  path: Assets/External Assets/Fonts/OpenSans-ExtraBold.ttf
  artifactKey: Guid(3be5e565273aa164885d99916f513fe7) Importer(815301076,1909f56bfc062723c751e8b465ee728b)
Start importing Assets/External Assets/Fonts/OpenSans-ExtraBold.ttf using Guid(3be5e565273aa164885d99916f513fe7) Importer(815301076,1909f56bfc062723c751e8b465ee728b)  -> (artifact id: '6f4258413b07d7823699784a127b7cb8') in 0.021783 seconds 
  Import took 0.028820 seconds .

========================================================================
Received Import Request.
  Time since last request: 0.000437 seconds.
  path: Assets/External Assets/Fonts/OpenSans-BoldItalic.ttf
  artifactKey: Guid(f15fe9595ff5bdb41aca961e041e3b07) Importer(815301076,1909f56bfc062723c751e8b465ee728b)
Start importing Assets/External Assets/Fonts/OpenSans-BoldItalic.ttf using Guid(f15fe9595ff5bdb41aca961e041e3b07) Importer(815301076,1909f56bfc062723c751e8b465ee728b)  -> (artifact id: '9e25cc0b89ad867bddbfc373b1c26e6f') in 0.021627 seconds 
  Import took 0.029693 seconds .

========================================================================
Received Import Request.
  Time since last request: 0.000310 seconds.
  path: Assets/External Assets/Fonts/OpenSans-ExtraBoldItalic.ttf
  artifactKey: Guid(ec3bea781f8cce648b0250a571c89f23) Importer(815301076,1909f56bfc062723c751e8b465ee728b)
Start importing Assets/External Assets/Fonts/OpenSans-ExtraBoldItalic.ttf using Guid(ec3bea781f8cce648b0250a571c89f23) Importer(815301076,1909f56bfc062723c751e8b465ee728b)  -> (artifact id: 'b6dd250529a9e665b7d118ef4ff74527') in 0.021182 seconds 
  Import took 0.028390 seconds .

========================================================================
Received Import Request.
  Time since last request: 0.000383 seconds.
  path: Assets/External Assets/Fonts/OpenSans-Italic.ttf
  artifactKey: Guid(376e3d7683dd9d047855be07e362a304) Importer(815301076,1909f56bfc062723c751e8b465ee728b)
Start importing Assets/External Assets/Fonts/OpenSans-Italic.ttf using Guid(376e3d7683dd9d047855be07e362a304) Importer(815301076,1909f56bfc062723c751e8b465ee728b)  -> (artifact id: '43676a9106b169c6259beffb9c3e8945') in 0.023089 seconds 
  Import took 0.030818 seconds .

========================================================================
Received Import Request.
  Time since last request: 0.000243 seconds.
  path: Assets/External Assets/Fonts/OpenSans-LightItalic.ttf
  artifactKey: Guid(dacdaccb94cd4cb49be32cb553812a87) Importer(815301076,1909f56bfc062723c751e8b465ee728b)
Start importing Assets/External Assets/Fonts/OpenSans-LightItalic.ttf using Guid(dacdaccb94cd4cb49be32cb553812a87) Importer(815301076,1909f56bfc062723c751e8b465ee728b)  -> (artifact id: 'b6c0e799165f467402d106503e08d1ff') in 0.019623 seconds 
  Import took 0.026394 seconds .

========================================================================
Received Import Request.
  Time since last request: 0.000258 seconds.
  path: Assets/External Assets/Fonts/OpenSans-Regular.ttf
  artifactKey: Guid(19fac6d9439430b41b744b33e77b641a) Importer(815301076,1909f56bfc062723c751e8b465ee728b)
Start importing Assets/External Assets/Fonts/OpenSans-Regular.ttf using Guid(19fac6d9439430b41b744b33e77b641a) Importer(815301076,1909f56bfc062723c751e8b465ee728b)  -> (artifact id: '95f45bc73b94b05afe4f0d56e28a7cc1') in 0.022050 seconds 
  Import took 0.029886 seconds .

========================================================================
Received Import Request.
  Time since last request: 0.000277 seconds.
  path: Assets/External Assets/Fonts/OpenSans-SemiBoldItalic.ttf
  artifactKey: Guid(2a4eac87e31077a47a81b6747dea7a3e) Importer(815301076,1909f56bfc062723c751e8b465ee728b)
Start importing Assets/External Assets/Fonts/OpenSans-SemiBoldItalic.ttf using Guid(2a4eac87e31077a47a81b6747dea7a3e) Importer(815301076,1909f56bfc062723c751e8b465ee728b)  -> (artifact id: '6623b80106add3894b3a3d7d6e29e0b6') in 0.020769 seconds 
  Import took 0.028352 seconds .

========================================================================
Received Import Request.
  Time since last request: 0.000304 seconds.
  path: Assets/External Assets/Fonts/OpenSans-SemiBold.ttf
  artifactKey: Guid(84f77b3c09866764ea986066fb5b4047) Importer(815301076,1909f56bfc062723c751e8b465ee728b)
Start importing Assets/External Assets/Fonts/OpenSans-SemiBold.ttf using Guid(84f77b3c09866764ea986066fb5b4047) Importer(815301076,1909f56bfc062723c751e8b465ee728b)  -> (artifact id: '2005fe8d9d8fdfb5d409d2d452121610') in 0.019270 seconds 
  Import took 0.025567 seconds .

========================================================================
Received Import Request.
  Time since last request: 0.000267 seconds.
  path: Assets/External Assets/Fonts/OpenSans-MediumItalic.ttf
  artifactKey: Guid(180c1448e681c9b48b963c25cc56e995) Importer(815301076,1909f56bfc062723c751e8b465ee728b)
Start importing Assets/External Assets/Fonts/OpenSans-MediumItalic.ttf using Guid(180c1448e681c9b48b963c25cc56e995) Importer(815301076,1909f56bfc062723c751e8b465ee728b)  -> (artifact id: 'b7f12cbfa9e754180cc0b9a19a8e9003') in 0.019647 seconds 
  Import took 0.026879 seconds .

========================================================================
Received Import Request.
  Time since last request: 0.000282 seconds.
  path: Assets/External Assets/Fonts/OpenSans-Light.ttf
  artifactKey: Guid(36fc11f274ea6bb48bf37dd1ace575da) Importer(815301076,1909f56bfc062723c751e8b465ee728b)
Start importing Assets/External Assets/Fonts/OpenSans-Light.ttf using Guid(36fc11f274ea6bb48bf37dd1ace575da) Importer(815301076,1909f56bfc062723c751e8b465ee728b)  -> (artifact id: '98a5da86fc0d805c44ae1f1b3969b18e') in 0.019969 seconds 
  Import took 0.026515 seconds .

========================================================================
Received Import Request.
  Time since last request: 0.000222 seconds.
  path: Assets/External Assets/Fonts/OpenSans-Medium.ttf
  artifactKey: Guid(ed5c8346540971c4c9fbcd04d61daf93) Importer(815301076,1909f56bfc062723c751e8b465ee728b)
Start importing Assets/External Assets/Fonts/OpenSans-Medium.ttf using Guid(ed5c8346540971c4c9fbcd04d61daf93) Importer(815301076,1909f56bfc062723c751e8b465ee728b)  -> (artifact id: '60d076b96bcb9cf5d884c4cf999a859b') in 0.019331 seconds 
  Import took 0.025947 seconds .

========================================================================
Received Import Request.
  Time since last request: 159.155636 seconds.
  path: Assets/Project Assets/Scenes/Ending.unity
  artifactKey: Guid(581699f08ffc4144a800ae17c9b7ad54) Importer(815301076,1909f56bfc062723c751e8b465ee728b)
Start importing Assets/Project Assets/Scenes/Ending.unity using Guid(581699f08ffc4144a800ae17c9b7ad54) Importer(815301076,1909f56bfc062723c751e8b465ee728b)  -> (artifact id: '11dac7bf5ec68191b29227d793cf16f3') in 0.020943 seconds 
  Import took 0.039578 seconds .

========================================================================
Received Import Request.
  Time since last request: 233.790128 seconds.
  path: Assets/Project Assets/Scenes/Level 1.unity
  artifactKey: Guid(9fc0d4010bbf28b4594072e72b8655ab) Importer(815301076,1909f56bfc062723c751e8b465ee728b)
Start importing Assets/Project Assets/Scenes/Level 1.unity using Guid(9fc0d4010bbf28b4594072e72b8655ab) Importer(815301076,1909f56bfc062723c751e8b465ee728b)  -> (artifact id: 'f952cbbe33c49848b11e7ee66ca17a65') in 0.008380 seconds 
  Import took 0.016255 seconds .

========================================================================
Received Import Request.
  Time since last request: 14.937086 seconds.
  path: Assets/Project Assets/Scenes/Ending.unity
  artifactKey: Guid(581699f08ffc4144a800ae17c9b7ad54) Importer(815301076,1909f56bfc062723c751e8b465ee728b)
Start importing Assets/Project Assets/Scenes/Ending.unity using Guid(581699f08ffc4144a800ae17c9b7ad54) Importer(815301076,1909f56bfc062723c751e8b465ee728b)  -> (artifact id: 'fdcf64f9c6e8104cfdea5df70fcfaec0') in 0.004555 seconds 
  Import took 0.013311 seconds .

========================================================================
Received Prepare
Registering precompiled user dll's ...
Registered in 0.018640 seconds.
Begin MonoManager ReloadAssembly
Native extension for WindowsStandalone target not found
Native extension for WebGL target not found
Refreshing native plugins compatible for Editor in 1.31 ms, found 7 plugins.
Preloading 1 native plugins for Editor in 0.14 ms.
Mono: successfully reloaded assembly
- Completed reload, in  1.461 seconds
Domain Reload Profiling:
	ReloadAssembly (1462ms)
		BeginReloadAssembly (154ms)
			ExecutionOrderSort (0ms)
			DisableScriptedObjects (6ms)
			BackupInstance (0ms)
			ReleaseScriptingObjects (0ms)
			CreateAndSetChildDomain (44ms)
		EndReloadAssembly (1240ms)
			LoadAssemblies (113ms)
			RebuildTransferFunctionScriptingTraits (0ms)
			SetupTypeCache (340ms)
			ReleaseScriptCaches (1ms)
			RebuildScriptCaches (61ms)
			SetupLoadedEditorAssemblies (521ms)
				LogAssemblyErrors (0ms)
				InitializePlatformSupportModulesInManaged (5ms)
				SetLoadedEditorAssemblies (0ms)
				RefreshPlugins (2ms)
				BeforeProcessingInitializeOnLoad (124ms)
				ProcessInitializeOnLoadAttributes (373ms)
				ProcessInitializeOnLoadMethodAttributes (9ms)
				AfterProcessingInitializeOnLoad (8ms)
				EditorAssembliesLoaded (0ms)
			ExecutionOrderSort2 (0ms)
			AwakeInstancesAfterBackupRestoration (17ms)
Platform modules already initialized, skipping
Switching build target platform(19) subTarget(0) extendedPlatform(0) -> platform(13) subTarget(524293) extendedPlatform(0)
Shader 'Universal Render Pipeline/Particles/Lit': fallback shader 'Universal Render Pipeline/Particles/SimpleLit' not found
Shader 'Oculus/OVRMRCameraFrameLit': fallback shader 'Alpha-Diffuse' not found
Refreshing native plugins compatible for Editor in 1.24 ms, found 7 plugins.
Preloading 1 native plugins for Editor in 0.13 ms.
Unloading 3903 Unused Serialized files (Serialized files now loaded: 0)
System memory in use before: 247.3 MB.
System memory in use after: 247.1 MB.

Unloading 52 unused Assets to reduce memory usage. Loaded Objects now: 4618.
Total: 4.918900 ms (FindLiveObjects: 0.678300 ms CreateObjectMapping: 0.290500 ms MarkObjects: 3.570600 ms  DeleteObjects: 0.377200 ms)

AssetImportParameters requested are different than current active one (requested -> active):
  custom:framework-win-MediaFoundation: 216162199b28c13a410421893ffa2e32 -> 
  custom:video-decoder-ogg-theora: a1e56fd34408186e4bbccfd4996cb3dc -> 
  custom:container-muxer-webm: aa71ff27fc2769a1b78a27578f13a17b -> 
  custom:container-demuxer-webm: 4f35f7cbe854078d1ac9338744f61a02 -> 
  custom:container-demuxer-ogg: 62fdf1f143b41e24485cea50d1cbac27 -> 
  custom:video-encoder-webm-vp8: eb34c28f22e8b96e1ab97ce403110664 -> 
  custom:video-codec-MediaFoundation-h265: 746d11721c4dcdbdad8f713fa42b33f4 -> 
  custom:video-decoder-webm-vp8: 9c59270c3fd7afecdb556c50c9e8de78 -> 
  custom:graphics/normal-map-encoding: 01000000000000000000000000000000 -> 02000000000000000000000000000000
  custom:audio-decoder-ogg-vorbis: bf7c407c2cedff20999df2af8eb42d56 -> 
  custom:audio-encoder-webm-vorbis: bf7c407c2cedff20999df2af8eb42d56 -> 
========================================================================
Received Prepare
Registering precompiled user dll's ...
Registered in 0.011277 seconds.
Begin MonoManager ReloadAssembly
Native extension for WindowsStandalone target not found
Native extension for WebGL target not found
Refreshing native plugins compatible for Editor in 1.27 ms, found 7 plugins.
Preloading 1 native plugins for Editor in 0.20 ms.
Mono: successfully reloaded assembly
- Completed reload, in  1.532 seconds
Domain Reload Profiling:
	ReloadAssembly (1532ms)
		BeginReloadAssembly (129ms)
			ExecutionOrderSort (0ms)
			DisableScriptedObjects (7ms)
			BackupInstance (0ms)
			ReleaseScriptingObjects (0ms)
			CreateAndSetChildDomain (41ms)
		EndReloadAssembly (1332ms)
			LoadAssemblies (119ms)
			RebuildTransferFunctionScriptingTraits (0ms)
			SetupTypeCache (377ms)
			ReleaseScriptCaches (1ms)
			RebuildScriptCaches (64ms)
			SetupLoadedEditorAssemblies (576ms)
				LogAssemblyErrors (0ms)
				InitializePlatformSupportModulesInManaged (7ms)
				SetLoadedEditorAssemblies (0ms)
				RefreshPlugins (2ms)
				BeforeProcessingInitializeOnLoad (138ms)
				ProcessInitializeOnLoadAttributes (414ms)
				ProcessInitializeOnLoadMethodAttributes (7ms)
				AfterProcessingInitializeOnLoad (8ms)
				EditorAssembliesLoaded (0ms)
			ExecutionOrderSort2 (0ms)
			AwakeInstancesAfterBackupRestoration (16ms)
Platform modules already initialized, skipping
Switching build target platform(19) subTarget(0) extendedPlatform(0) -> platform(13) subTarget(524293) extendedPlatform(0)
Shader 'Universal Render Pipeline/Particles/Lit': fallback shader 'Universal Render Pipeline/Particles/SimpleLit' not found
Shader 'Oculus/OVRMRCameraFrameLit': fallback shader 'Alpha-Diffuse' not found
Refreshing native plugins compatible for Editor in 1.36 ms, found 7 plugins.
Preloading 1 native plugins for Editor in 0.15 ms.
Unloading 3903 Unused Serialized files (Serialized files now loaded: 0)
System memory in use before: 247.4 MB.
System memory in use after: 247.1 MB.

Unloading 52 unused Assets to reduce memory usage. Loaded Objects now: 4622.
Total: 4.081400 ms (FindLiveObjects: 0.466200 ms CreateObjectMapping: 0.123300 ms MarkObjects: 3.070000 ms  DeleteObjects: 0.420400 ms)

AssetImportParameters requested are different than current active one (requested -> active):
  custom:framework-win-MediaFoundation: 216162199b28c13a410421893ffa2e32 -> 
  custom:video-decoder-ogg-theora: a1e56fd34408186e4bbccfd4996cb3dc -> 
  custom:container-muxer-webm: aa71ff27fc2769a1b78a27578f13a17b -> 
  custom:container-demuxer-webm: 4f35f7cbe854078d1ac9338744f61a02 -> 
  custom:container-demuxer-ogg: 62fdf1f143b41e24485cea50d1cbac27 -> 
  custom:video-encoder-webm-vp8: eb34c28f22e8b96e1ab97ce403110664 -> 
  custom:video-codec-MediaFoundation-h265: 746d11721c4dcdbdad8f713fa42b33f4 -> 
  custom:video-decoder-webm-vp8: 9c59270c3fd7afecdb556c50c9e8de78 -> 
  custom:graphics/normal-map-encoding: 01000000000000000000000000000000 -> 02000000000000000000000000000000
  custom:audio-decoder-ogg-vorbis: bf7c407c2cedff20999df2af8eb42d56 -> 
  custom:audio-encoder-webm-vorbis: bf7c407c2cedff20999df2af8eb42d56 -> 
========================================================================
Received Prepare
Registering precompiled user dll's ...
Registered in 0.012705 seconds.
Begin MonoManager ReloadAssembly
Native extension for WindowsStandalone target not found
Native extension for WebGL target not found
Refreshing native plugins compatible for Editor in 1.29 ms, found 7 plugins.
Preloading 1 native plugins for Editor in 0.14 ms.
Mono: successfully reloaded assembly
- Completed reload, in  1.447 seconds
Domain Reload Profiling:
	ReloadAssembly (1448ms)
		BeginReloadAssembly (124ms)
			ExecutionOrderSort (0ms)
			DisableScriptedObjects (5ms)
			BackupInstance (0ms)
			ReleaseScriptingObjects (0ms)
			CreateAndSetChildDomain (39ms)
		EndReloadAssembly (1250ms)
			LoadAssemblies (113ms)
			RebuildTransferFunctionScriptingTraits (0ms)
			SetupTypeCache (359ms)
			ReleaseScriptCaches (2ms)
			RebuildScriptCaches (64ms)
			SetupLoadedEditorAssemblies (524ms)
				LogAssemblyErrors (0ms)
				InitializePlatformSupportModulesInManaged (5ms)
				SetLoadedEditorAssemblies (0ms)
				RefreshPlugins (2ms)
				BeforeProcessingInitializeOnLoad (128ms)
				ProcessInitializeOnLoadAttributes (373ms)
				ProcessInitializeOnLoadMethodAttributes (7ms)
				AfterProcessingInitializeOnLoad (8ms)
				EditorAssembliesLoaded (0ms)
			ExecutionOrderSort2 (0ms)
			AwakeInstancesAfterBackupRestoration (16ms)
Platform modules already initialized, skipping
Switching build target platform(19) subTarget(0) extendedPlatform(0) -> platform(13) subTarget(524293) extendedPlatform(0)
Shader 'Universal Render Pipeline/Particles/Lit': fallback shader 'Universal Render Pipeline/Particles/SimpleLit' not found
Shader 'Oculus/OVRMRCameraFrameLit': fallback shader 'Alpha-Diffuse' not found
Refreshing native plugins compatible for Editor in 1.33 ms, found 7 plugins.
Preloading 1 native plugins for Editor in 0.14 ms.
Unloading 3903 Unused Serialized files (Serialized files now loaded: 0)
System memory in use before: 247.4 MB.
System memory in use after: 247.2 MB.

Unloading 52 unused Assets to reduce memory usage. Loaded Objects now: 4626.
Total: 4.621000 ms (FindLiveObjects: 0.560300 ms CreateObjectMapping: 0.183800 ms MarkObjects: 3.443800 ms  DeleteObjects: 0.430900 ms)

AssetImportParameters requested are different than current active one (requested -> active):
  custom:framework-win-MediaFoundation: 216162199b28c13a410421893ffa2e32 -> 
  custom:video-decoder-ogg-theora: a1e56fd34408186e4bbccfd4996cb3dc -> 
  custom:container-muxer-webm: aa71ff27fc2769a1b78a27578f13a17b -> 
  custom:container-demuxer-webm: 4f35f7cbe854078d1ac9338744f61a02 -> 
  custom:container-demuxer-ogg: 62fdf1f143b41e24485cea50d1cbac27 -> 
  custom:video-encoder-webm-vp8: eb34c28f22e8b96e1ab97ce403110664 -> 
  custom:video-codec-MediaFoundation-h265: 746d11721c4dcdbdad8f713fa42b33f4 -> 
  custom:video-decoder-webm-vp8: 9c59270c3fd7afecdb556c50c9e8de78 -> 
  custom:graphics/normal-map-encoding: 01000000000000000000000000000000 -> 02000000000000000000000000000000
  custom:audio-decoder-ogg-vorbis: bf7c407c2cedff20999df2af8eb42d56 -> 
  custom:audio-encoder-webm-vorbis: bf7c407c2cedff20999df2af8eb42d56 -> 
========================================================================
Received Import Request.
  Time since last request: 411.240238 seconds.
  path: Assets/Project Assets/Scenes/Level 2.unity
  artifactKey: Guid(7f92b6f2cd707ab4699b201539971292) Importer(815301076,1909f56bfc062723c751e8b465ee728b)
Start importing Assets/Project Assets/Scenes/Level 2.unity using Guid(7f92b6f2cd707ab4699b201539971292) Importer(815301076,1909f56bfc062723c751e8b465ee728b)  -> (artifact id: '233cfc7bd614af0c8edf23598672639d') in 0.059728 seconds 
  Import took 0.069174 seconds .

========================================================================
Received Import Request.
  Time since last request: 19.295444 seconds.
  path: Assets/Project Assets/Scenes/Ending.unity
  artifactKey: Guid(581699f08ffc4144a800ae17c9b7ad54) Importer(815301076,1909f56bfc062723c751e8b465ee728b)
Start importing Assets/Project Assets/Scenes/Ending.unity using Guid(581699f08ffc4144a800ae17c9b7ad54) Importer(815301076,1909f56bfc062723c751e8b465ee728b)  -> (artifact id: '25314d5a58cf014312ac88b4d83fc9d0') in 0.004341 seconds 
  Import took 0.011814 seconds .

========================================================================
Received Import Request.
  Time since last request: 385.981248 seconds.
  path: Assets/logo.png
  artifactKey: Guid(05c9e375d164c2248b36486c7156e076) Importer(815301076,1909f56bfc062723c751e8b465ee728b)
Start importing Assets/logo.png using Guid(05c9e375d164c2248b36486c7156e076) Importer(815301076,1909f56bfc062723c751e8b465ee728b)  -> (artifact id: '8d7fa82c9ba500d78378c6f591191085') in 0.040649 seconds 
  Import took 0.048951 seconds .

========================================================================
Received Import Request.
  Time since last request: 0.004253 seconds.
  path: Assets/logo.png
  artifactKey: Guid(05c9e375d164c2248b36486c7156e076) Importer(815301076,1909f56bfc062723c751e8b465ee728b)
Start importing Assets/logo.png using Guid(05c9e375d164c2248b36486c7156e076) Importer(815301076,1909f56bfc062723c751e8b465ee728b)  -> (artifact id: '8d7fa82c9ba500d78378c6f591191085') in 0.011790 seconds 
  Import took 0.018366 seconds .

========================================================================
Received Import Request.
  Time since last request: 1.939162 seconds.
  path: Assets/GetScore.cs
  artifactKey: Guid(d88aa1836fc002f4ea1293cda41752f7) Importer(815301076,1909f56bfc062723c751e8b465ee728b)
Start importing Assets/GetScore.cs using Guid(d88aa1836fc002f4ea1293cda41752f7) Importer(815301076,1909f56bfc062723c751e8b465ee728b)  -> (artifact id: '0b3e4630ef696e42df8bf0f48e466256') in 0.021340 seconds 
  Import took 0.029572 seconds .

========================================================================
Received Prepare
Registering precompiled user dll's ...
Registered in 0.012614 seconds.
Begin MonoManager ReloadAssembly
Native extension for WindowsStandalone target not found
Native extension for WebGL target not found
Refreshing native plugins compatible for Editor in 1.56 ms, found 7 plugins.
Preloading 1 native plugins for Editor in 0.15 ms.
Mono: successfully reloaded assembly
- Completed reload, in  1.558 seconds
Domain Reload Profiling:
	ReloadAssembly (1558ms)
		BeginReloadAssembly (147ms)
			ExecutionOrderSort (0ms)
			DisableScriptedObjects (4ms)
			BackupInstance (0ms)
			ReleaseScriptingObjects (0ms)
			CreateAndSetChildDomain (49ms)
		EndReloadAssembly (1328ms)
			LoadAssemblies (120ms)
			RebuildTransferFunctionScriptingTraits (0ms)
			SetupTypeCache (384ms)
			ReleaseScriptCaches (2ms)
			RebuildScriptCaches (57ms)
			SetupLoadedEditorAssemblies (559ms)
				LogAssemblyErrors (0ms)
				InitializePlatformSupportModulesInManaged (5ms)
				SetLoadedEditorAssemblies (1ms)
				RefreshPlugins (2ms)
				BeforeProcessingInitializeOnLoad (133ms)
				ProcessInitializeOnLoadAttributes (403ms)
				ProcessInitializeOnLoadMethodAttributes (8ms)
				AfterProcessingInitializeOnLoad (8ms)
				EditorAssembliesLoaded (0ms)
			ExecutionOrderSort2 (0ms)
			AwakeInstancesAfterBackupRestoration (17ms)
Platform modules already initialized, skipping
Switching build target platform(19) subTarget(0) extendedPlatform(0) -> platform(13) subTarget(524293) extendedPlatform(0)
Shader 'Universal Render Pipeline/Particles/Lit': fallback shader 'Universal Render Pipeline/Particles/SimpleLit' not found
Shader 'Oculus/OVRMRCameraFrameLit': fallback shader 'Alpha-Diffuse' not found
Refreshing native plugins compatible for Editor in 1.28 ms, found 7 plugins.
Preloading 1 native plugins for Editor in 0.12 ms.
Unloading 3903 Unused Serialized files (Serialized files now loaded: 0)
System memory in use before: 247.4 MB.
System memory in use after: 247.2 MB.

Unloading 52 unused Assets to reduce memory usage. Loaded Objects now: 4632.
Total: 4.435100 ms (FindLiveObjects: 0.544400 ms CreateObjectMapping: 0.209700 ms MarkObjects: 3.221600 ms  DeleteObjects: 0.457500 ms)

AssetImportParameters requested are different than current active one (requested -> active):
  custom:framework-win-MediaFoundation: 216162199b28c13a410421893ffa2e32 -> 
  custom:video-decoder-ogg-theora: a1e56fd34408186e4bbccfd4996cb3dc -> 
  custom:container-muxer-webm: aa71ff27fc2769a1b78a27578f13a17b -> 
  custom:container-demuxer-webm: 4f35f7cbe854078d1ac9338744f61a02 -> 
  custom:container-demuxer-ogg: 62fdf1f143b41e24485cea50d1cbac27 -> 
  custom:video-encoder-webm-vp8: eb34c28f22e8b96e1ab97ce403110664 -> 
  custom:video-codec-MediaFoundation-h265: 746d11721c4dcdbdad8f713fa42b33f4 -> 
  custom:video-decoder-webm-vp8: 9c59270c3fd7afecdb556c50c9e8de78 -> 
  custom:graphics/normal-map-encoding: 01000000000000000000000000000000 -> 02000000000000000000000000000000
  custom:audio-decoder-ogg-vorbis: bf7c407c2cedff20999df2af8eb42d56 -> 
  custom:audio-encoder-webm-vorbis: bf7c407c2cedff20999df2af8eb42d56 -> 
========================================================================
Received Prepare
Registering precompiled user dll's ...
Registered in 0.011233 seconds.
Begin MonoManager ReloadAssembly
Native extension for WindowsStandalone target not found
Native extension for WebGL target not found
Refreshing native plugins compatible for Editor in 1.91 ms, found 7 plugins.
Preloading 1 native plugins for Editor in 0.17 ms.
Mono: successfully reloaded assembly
- Completed reload, in  1.688 seconds
Domain Reload Profiling:
	ReloadAssembly (1689ms)
		BeginReloadAssembly (149ms)
			ExecutionOrderSort (0ms)
			DisableScriptedObjects (5ms)
			BackupInstance (0ms)
			ReleaseScriptingObjects (0ms)
			CreateAndSetChildDomain (43ms)
		EndReloadAssembly (1463ms)
			LoadAssemblies (128ms)
			RebuildTransferFunctionScriptingTraits (0ms)
			SetupTypeCache (434ms)
			ReleaseScriptCaches (2ms)
			RebuildScriptCaches (68ms)
			SetupLoadedEditorAssemblies (575ms)
				LogAssemblyErrors (0ms)
				InitializePlatformSupportModulesInManaged (8ms)
				SetLoadedEditorAssemblies (1ms)
				RefreshPlugins (2ms)
				BeforeProcessingInitializeOnLoad (156ms)
				ProcessInitializeOnLoadAttributes (391ms)
				ProcessInitializeOnLoadMethodAttributes (8ms)
				AfterProcessingInitializeOnLoad (9ms)
				EditorAssembliesLoaded (1ms)
			ExecutionOrderSort2 (0ms)
			AwakeInstancesAfterBackupRestoration (14ms)
Platform modules already initialized, skipping
Switching build target platform(19) subTarget(0) extendedPlatform(0) -> platform(13) subTarget(524293) extendedPlatform(0)
Shader 'Universal Render Pipeline/Particles/Lit': fallback shader 'Universal Render Pipeline/Particles/SimpleLit' not found
Shader 'Oculus/OVRMRCameraFrameLit': fallback shader 'Alpha-Diffuse' not found
Refreshing native plugins compatible for Editor in 1.25 ms, found 7 plugins.
Preloading 1 native plugins for Editor in 0.12 ms.
Unloading 3903 Unused Serialized files (Serialized files now loaded: 0)
System memory in use before: 247.4 MB.
System memory in use after: 247.2 MB.

Unloading 52 unused Assets to reduce memory usage. Loaded Objects now: 4636.
Total: 4.388000 ms (FindLiveObjects: 0.532300 ms CreateObjectMapping: 0.157300 ms MarkObjects: 3.218200 ms  DeleteObjects: 0.478500 ms)

AssetImportParameters requested are different than current active one (requested -> active):
  custom:framework-win-MediaFoundation: 216162199b28c13a410421893ffa2e32 -> 
  custom:video-decoder-ogg-theora: a1e56fd34408186e4bbccfd4996cb3dc -> 
  custom:container-muxer-webm: aa71ff27fc2769a1b78a27578f13a17b -> 
  custom:container-demuxer-webm: 4f35f7cbe854078d1ac9338744f61a02 -> 
  custom:container-demuxer-ogg: 62fdf1f143b41e24485cea50d1cbac27 -> 
  custom:video-encoder-webm-vp8: eb34c28f22e8b96e1ab97ce403110664 -> 
  custom:video-codec-MediaFoundation-h265: 746d11721c4dcdbdad8f713fa42b33f4 -> 
  custom:video-decoder-webm-vp8: 9c59270c3fd7afecdb556c50c9e8de78 -> 
  custom:graphics/normal-map-encoding: 01000000000000000000000000000000 -> 02000000000000000000000000000000
  custom:audio-decoder-ogg-vorbis: bf7c407c2cedff20999df2af8eb42d56 -> 
  custom:audio-encoder-webm-vorbis: bf7c407c2cedff20999df2af8eb42d56 -> 
========================================================================
Received Import Request.
  Time since last request: 27.086492 seconds.
  path: Assets/Oculus/VR/Textures/handle.png
  artifactKey: Guid(ce8f78b2b9292484e97f36ad9568fc4f) Importer(815301076,1909f56bfc062723c751e8b465ee728b)
Start importing Assets/Oculus/VR/Textures/handle.png using Guid(ce8f78b2b9292484e97f36ad9568fc4f) Importer(815301076,1909f56bfc062723c751e8b465ee728b)  -> (artifact id: 'fcbff07e0a4e0099a45db993301362d9') in 0.086944 seconds 
  Import took 0.094711 seconds .

========================================================================
Received Import Request.
  Time since last request: 0.000336 seconds.
  path: Assets/Oculus/VR/Textures/windowgui.png
  artifactKey: Guid(a26663690a6580440963aa46e582c35b) Importer(815301076,1909f56bfc062723c751e8b465ee728b)
Start importing Assets/Oculus/VR/Textures/windowgui.png using Guid(a26663690a6580440963aa46e582c35b) Importer(815301076,1909f56bfc062723c751e8b465ee728b)  -> (artifact id: 'd9d6a80913cd9a14cec8ac59523f89ce') in 0.030633 seconds 
  Import took 0.037462 seconds .

========================================================================
Received Import Request.
  Time since last request: 0.000238 seconds.
  path: Assets/Oculus/VR/Textures/handle.png
  artifactKey: Guid(ce8f78b2b9292484e97f36ad9568fc4f) Importer(815301076,1909f56bfc062723c751e8b465ee728b)
Start importing Assets/Oculus/VR/Textures/handle.png using Guid(ce8f78b2b9292484e97f36ad9568fc4f) Importer(815301076,1909f56bfc062723c751e8b465ee728b)  -> (artifact id: 'fcbff07e0a4e0099a45db993301362d9') in 0.017213 seconds 
  Import took 0.023439 seconds .

========================================================================
Received Import Request.
  Time since last request: 0.032721 seconds.
  path: Assets/Oculus/VR/Textures/windowgui.png
  artifactKey: Guid(a26663690a6580440963aa46e582c35b) Importer(815301076,1909f56bfc062723c751e8b465ee728b)
Start importing Assets/Oculus/VR/Textures/windowgui.png using Guid(a26663690a6580440963aa46e582c35b) Importer(815301076,1909f56bfc062723c751e8b465ee728b)  -> (artifact id: 'd9d6a80913cd9a14cec8ac59523f89ce') in 0.020130 seconds 
  Import took 0.026110 seconds .

========================================================================
Received Import Request.
  Time since last request: 14.762250 seconds.
  path: Assets/logo.png
  artifactKey: Guid(05c9e375d164c2248b36486c7156e076) Importer(815301076,1909f56bfc062723c751e8b465ee728b)
Start importing Assets/logo.png using Guid(05c9e375d164c2248b36486c7156e076) Importer(815301076,1909f56bfc062723c751e8b465ee728b)  -> (artifact id: '9505e7e5b5266a25bbf9be3ef6a76e7f') in 0.018809 seconds 
  Import took 0.027905 seconds .

========================================================================
Received Import Request.
  Time since last request: 0.018957 seconds.
  path: Assets/logo.png
  artifactKey: Guid(05c9e375d164c2248b36486c7156e076) Importer(815301076,1909f56bfc062723c751e8b465ee728b)
Start importing Assets/logo.png using Guid(05c9e375d164c2248b36486c7156e076) Importer(815301076,1909f56bfc062723c751e8b465ee728b)  -> (artifact id: '9505e7e5b5266a25bbf9be3ef6a76e7f') in 0.017760 seconds 
  Import took 0.025077 seconds .

========================================================================
Received Prepare
Shader 'Universal Render Pipeline/Particles/Lit': fallback shader 'Universal Render Pipeline/Particles/SimpleLit' not found
Shader 'Oculus/OVRMRCameraFrameLit': fallback shader 'Alpha-Diffuse' not found
Refreshing native plugins compatible for Editor in 16.03 ms, found 7 plugins.
Preloading 1 native plugins for Editor in 0.09 ms.
Unloading 49 Unused Serialized files (Serialized files now loaded: 0)
System memory in use before: 174.7 MB.
System memory in use after: 174.4 MB.

Unloading 49 unused Assets to reduce memory usage. Loaded Objects now: 4643.
Total: 5.145900 ms (FindLiveObjects: 0.474900 ms CreateObjectMapping: 0.199700 ms MarkObjects: 3.797900 ms  DeleteObjects: 0.671500 ms)

AssetImportParameters requested are different than current active one (requested -> active):
  custom:framework-win-MediaFoundation: 216162199b28c13a410421893ffa2e32 -> 
  custom:video-decoder-ogg-theora: a1e56fd34408186e4bbccfd4996cb3dc -> 
  custom:container-muxer-webm: aa71ff27fc2769a1b78a27578f13a17b -> 
  custom:container-demuxer-webm: 4f35f7cbe854078d1ac9338744f61a02 -> 
  custom:container-demuxer-ogg: 62fdf1f143b41e24485cea50d1cbac27 -> 
  custom:video-encoder-webm-vp8: eb34c28f22e8b96e1ab97ce403110664 -> 
  custom:video-codec-MediaFoundation-h265: 746d11721c4dcdbdad8f713fa42b33f4 -> 
  custom:video-decoder-webm-vp8: 9c59270c3fd7afecdb556c50c9e8de78 -> 
  custom:audio-decoder-ogg-vorbis: bf7c407c2cedff20999df2af8eb42d56 -> 
  custom:audio-encoder-webm-vorbis: bf7c407c2cedff20999df2af8eb42d56 -> 
========================================================================
Received Prepare
Shader 'Universal Render Pipeline/Particles/Lit': fallback shader 'Universal Render Pipeline/Particles/SimpleLit' not found
Shader 'Oculus/OVRMRCameraFrameLit': fallback shader 'Alpha-Diffuse' not found
Refreshing native plugins compatible for Editor in 16.64 ms, found 7 plugins.
Preloading 1 native plugins for Editor in 0.10 ms.
Unloading 49 Unused Serialized files (Serialized files now loaded: 0)
System memory in use before: 174.7 MB.
System memory in use after: 174.4 MB.

Unloading 49 unused Assets to reduce memory usage. Loaded Objects now: 4643.
Total: 4.689700 ms (FindLiveObjects: 0.444000 ms CreateObjectMapping: 0.160100 ms MarkObjects: 3.589200 ms  DeleteObjects: 0.495400 ms)

AssetImportParameters requested are different than current active one (requested -> active):
  custom:framework-win-MediaFoundation: 216162199b28c13a410421893ffa2e32 -> 
  custom:video-decoder-ogg-theora: a1e56fd34408186e4bbccfd4996cb3dc -> 
  custom:container-muxer-webm: aa71ff27fc2769a1b78a27578f13a17b -> 
  custom:container-demuxer-webm: 4f35f7cbe854078d1ac9338744f61a02 -> 
  custom:container-demuxer-ogg: 62fdf1f143b41e24485cea50d1cbac27 -> 
  custom:video-encoder-webm-vp8: eb34c28f22e8b96e1ab97ce403110664 -> 
  custom:video-codec-MediaFoundation-h265: 746d11721c4dcdbdad8f713fa42b33f4 -> 
  custom:video-decoder-webm-vp8: 9c59270c3fd7afecdb556c50c9e8de78 -> 
  custom:audio-decoder-ogg-vorbis: bf7c407c2cedff20999df2af8eb42d56 -> 
  custom:audio-encoder-webm-vorbis: bf7c407c2cedff20999df2af8eb42d56 -> 
========================================================================
Received Prepare
Shader 'Universal Render Pipeline/Particles/Lit': fallback shader 'Universal Render Pipeline/Particles/SimpleLit' not found
Shader 'Oculus/OVRMRCameraFrameLit': fallback shader 'Alpha-Diffuse' not found
Refreshing native plugins compatible for Editor in 15.99 ms, found 7 plugins.
Preloading 1 native plugins for Editor in 0.09 ms.
Unloading 49 Unused Serialized files (Serialized files now loaded: 0)
System memory in use before: 174.7 MB.
System memory in use after: 174.4 MB.

Unloading 49 unused Assets to reduce memory usage. Loaded Objects now: 4643.
Total: 4.829000 ms (FindLiveObjects: 0.443800 ms CreateObjectMapping: 0.152100 ms MarkObjects: 3.742200 ms  DeleteObjects: 0.489700 ms)

AssetImportParameters requested are different than current active one (requested -> active):
  custom:framework-win-MediaFoundation: 216162199b28c13a410421893ffa2e32 -> 
  custom:video-decoder-ogg-theora: a1e56fd34408186e4bbccfd4996cb3dc -> 
  custom:container-muxer-webm: aa71ff27fc2769a1b78a27578f13a17b -> 
  custom:container-demuxer-webm: 4f35f7cbe854078d1ac9338744f61a02 -> 
  custom:container-demuxer-ogg: 62fdf1f143b41e24485cea50d1cbac27 -> 
  custom:video-encoder-webm-vp8: eb34c28f22e8b96e1ab97ce403110664 -> 
  custom:video-codec-MediaFoundation-h265: 746d11721c4dcdbdad8f713fa42b33f4 -> 
  custom:video-decoder-webm-vp8: 9c59270c3fd7afecdb556c50c9e8de78 -> 
  custom:audio-decoder-ogg-vorbis: bf7c407c2cedff20999df2af8eb42d56 -> 
  custom:audio-encoder-webm-vorbis: bf7c407c2cedff20999df2af8eb42d56 -> 
========================================================================
Received Prepare
Registering precompiled user dll's ...
Registered in 0.017307 seconds.
Begin MonoManager ReloadAssembly
Native extension for WindowsStandalone target not found
Native extension for WebGL target not found
Refreshing native plugins compatible for Editor in 1.32 ms, found 7 plugins.
Preloading 1 native plugins for Editor in 0.10 ms.
Mono: successfully reloaded assembly
- Completed reload, in  1.473 seconds
Domain Reload Profiling:
	ReloadAssembly (1473ms)
		BeginReloadAssembly (120ms)
			ExecutionOrderSort (0ms)
			DisableScriptedObjects (6ms)
			BackupInstance (0ms)
			ReleaseScriptingObjects (0ms)
			CreateAndSetChildDomain (38ms)
		EndReloadAssembly (1287ms)
			LoadAssemblies (104ms)
			RebuildTransferFunctionScriptingTraits (0ms)
			SetupTypeCache (353ms)
			ReleaseScriptCaches (2ms)
			RebuildScriptCaches (61ms)
			SetupLoadedEditorAssemblies (541ms)
				LogAssemblyErrors (0ms)
				InitializePlatformSupportModulesInManaged (6ms)
				SetLoadedEditorAssemblies (1ms)
				RefreshPlugins (2ms)
				BeforeProcessingInitializeOnLoad (130ms)
				ProcessInitializeOnLoadAttributes (387ms)
				ProcessInitializeOnLoadMethodAttributes (8ms)
				AfterProcessingInitializeOnLoad (8ms)
				EditorAssembliesLoaded (0ms)
			ExecutionOrderSort2 (0ms)
			AwakeInstancesAfterBackupRestoration (14ms)
Platform modules already initialized, skipping
Switching build target platform(19) subTarget(0) extendedPlatform(0) -> platform(13) subTarget(524293) extendedPlatform(0)
Shader 'Universal Render Pipeline/Particles/Lit': fallback shader 'Universal Render Pipeline/Particles/SimpleLit' not found
Shader 'Oculus/OVRMRCameraFrameLit': fallback shader 'Alpha-Diffuse' not found
Refreshing native plugins compatible for Editor in 1.26 ms, found 7 plugins.
Preloading 1 native plugins for Editor in 0.12 ms.
Unloading 3903 Unused Serialized files (Serialized files now loaded: 0)
System memory in use before: 247.5 MB.
System memory in use after: 247.2 MB.

Unloading 52 unused Assets to reduce memory usage. Loaded Objects now: 4647.
Total: 4.925500 ms (FindLiveObjects: 0.574500 ms CreateObjectMapping: 0.228400 ms MarkObjects: 3.704800 ms  DeleteObjects: 0.415900 ms)

AssetImportParameters requested are different than current active one (requested -> active):
  custom:framework-win-MediaFoundation: 216162199b28c13a410421893ffa2e32 -> 
  custom:video-decoder-ogg-theora: a1e56fd34408186e4bbccfd4996cb3dc -> 
  custom:container-muxer-webm: aa71ff27fc2769a1b78a27578f13a17b -> 
  custom:container-demuxer-webm: 4f35f7cbe854078d1ac9338744f61a02 -> 
  custom:container-demuxer-ogg: 62fdf1f143b41e24485cea50d1cbac27 -> 
  custom:video-encoder-webm-vp8: eb34c28f22e8b96e1ab97ce403110664 -> 
  custom:video-codec-MediaFoundation-h265: 746d11721c4dcdbdad8f713fa42b33f4 -> 
  custom:video-decoder-webm-vp8: 9c59270c3fd7afecdb556c50c9e8de78 -> 
  custom:graphics/normal-map-encoding: 01000000000000000000000000000000 -> 02000000000000000000000000000000
  custom:audio-decoder-ogg-vorbis: bf7c407c2cedff20999df2af8eb42d56 -> 
  custom:audio-encoder-webm-vorbis: bf7c407c2cedff20999df2af8eb42d56 -> 
========================================================================
Received Import Request.
  Time since last request: 1217.466708 seconds.
  path: Assets/Project Assets/Scenes/Level 6.unity
  artifactKey: Guid(8a23178a48b8b6e449e735f9df00efa1) Importer(815301076,1909f56bfc062723c751e8b465ee728b)
Start importing Assets/Project Assets/Scenes/Level 6.unity using Guid(8a23178a48b8b6e449e735f9df00efa1) Importer(815301076,1909f56bfc062723c751e8b465ee728b)  -> (artifact id: '7a61c0dac1f40bd623888cdf3437f50b') in 0.091995 seconds 
  Import took 0.099820 seconds .

========================================================================
Received Import Request.
  Time since last request: 860.205854 seconds.
  path: Assets/Project Assets/Scenes/Level 6.unity
  artifactKey: Guid(8a23178a48b8b6e449e735f9df00efa1) Importer(815301076,1909f56bfc062723c751e8b465ee728b)
Start importing Assets/Project Assets/Scenes/Level 6.unity using Guid(8a23178a48b8b6e449e735f9df00efa1) Importer(815301076,1909f56bfc062723c751e8b465ee728b)  -> (artifact id: '4cf599ea5900196c08ba87f63bbb9dd2') in 0.007879 seconds 
  Import took 0.016317 seconds .

========================================================================
Received Prepare
Shader 'Universal Render Pipeline/Particles/Lit': fallback shader 'Universal Render Pipeline/Particles/SimpleLit' not found
Shader 'Oculus/OVRMRCameraFrameLit': fallback shader 'Alpha-Diffuse' not found
Refreshing native plugins compatible for Editor in 15.75 ms, found 7 plugins.
Preloading 1 native plugins for Editor in 0.09 ms.
Unloading 49 Unused Serialized files (Serialized files now loaded: 0)
System memory in use before: 174.6 MB.
System memory in use after: 174.3 MB.

Unloading 49 unused Assets to reduce memory usage. Loaded Objects now: 4647.
Total: 4.990800 ms (FindLiveObjects: 0.419100 ms CreateObjectMapping: 0.142200 ms MarkObjects: 3.965700 ms  DeleteObjects: 0.462900 ms)

AssetImportParameters requested are different than current active one (requested -> active):
  custom:framework-win-MediaFoundation: 216162199b28c13a410421893ffa2e32 -> 
  custom:video-decoder-ogg-theora: a1e56fd34408186e4bbccfd4996cb3dc -> 
  custom:container-muxer-webm: aa71ff27fc2769a1b78a27578f13a17b -> 
  custom:container-demuxer-webm: 4f35f7cbe854078d1ac9338744f61a02 -> 
  custom:container-demuxer-ogg: 62fdf1f143b41e24485cea50d1cbac27 -> 
  custom:video-encoder-webm-vp8: eb34c28f22e8b96e1ab97ce403110664 -> 
  custom:video-codec-MediaFoundation-h265: 746d11721c4dcdbdad8f713fa42b33f4 -> 
  custom:video-decoder-webm-vp8: 9c59270c3fd7afecdb556c50c9e8de78 -> 
  custom:audio-decoder-ogg-vorbis: bf7c407c2cedff20999df2af8eb42d56 -> 
  custom:audio-encoder-webm-vorbis: bf7c407c2cedff20999df2af8eb42d56 -> 
========================================================================
Received Prepare
Shader 'Universal Render Pipeline/Particles/Lit': fallback shader 'Universal Render Pipeline/Particles/SimpleLit' not found
Shader 'Oculus/OVRMRCameraFrameLit': fallback shader 'Alpha-Diffuse' not found
Refreshing native plugins compatible for Editor in 16.54 ms, found 7 plugins.
Preloading 1 native plugins for Editor in 0.09 ms.
Unloading 49 Unused Serialized files (Serialized files now loaded: 0)
System memory in use before: 174.6 MB.
System memory in use after: 174.3 MB.

Unloading 49 unused Assets to reduce memory usage. Loaded Objects now: 4647.
Total: 26.560900 ms (FindLiveObjects: 0.898200 ms CreateObjectMapping: 0.175300 ms MarkObjects: 24.968400 ms  DeleteObjects: 0.517800 ms)

AssetImportParameters requested are different than current active one (requested -> active):
  custom:framework-win-MediaFoundation: 216162199b28c13a410421893ffa2e32 -> 
  custom:video-decoder-ogg-theora: a1e56fd34408186e4bbccfd4996cb3dc -> 
  custom:container-muxer-webm: aa71ff27fc2769a1b78a27578f13a17b -> 
  custom:container-demuxer-webm: 4f35f7cbe854078d1ac9338744f61a02 -> 
  custom:container-demuxer-ogg: 62fdf1f143b41e24485cea50d1cbac27 -> 
  custom:video-encoder-webm-vp8: eb34c28f22e8b96e1ab97ce403110664 -> 
  custom:video-codec-MediaFoundation-h265: 746d11721c4dcdbdad8f713fa42b33f4 -> 
  custom:video-decoder-webm-vp8: 9c59270c3fd7afecdb556c50c9e8de78 -> 
  custom:audio-decoder-ogg-vorbis: bf7c407c2cedff20999df2af8eb42d56 -> 
  custom:audio-encoder-webm-vorbis: bf7c407c2cedff20999df2af8eb42d56 -> 
AssetImportWorkerClient::OnTransportError - code=2 error=End of file
