Using pre-set license
Built from '2020.3/release' branch; Version is '2020.3.15f2 (6cf78cb77498) revision 7141260'; Using compiler version '192528614'; Build Type 'Release'
OS: 'Windows 10 Home Single Language; OS build 19044.1586; Version 2009; 64bit' Language: 'es' Physical Memory: 15789 MB
BatchMode: 1, IsHumanControllingUs: 0, StartBugReporterOnCrash: 0, Is64bit: 1, IsPro: 0

 COMMAND LINE ARGUMENTS:
C:\Program Files\Unity\2020.3.15f2\Editor\Unity.exe
-adb2
-batchMode
-noUpm
-name
AssetImportWorker0
-projectPath
C:/TempleEscapeV2
-logFile
Logs/AssetImportWorker0.log
-srvPort
61367
Successfully changed project path to: C:/TempleEscapeV2
C:/TempleEscapeV2
Using Asset Import Pipeline V2.
Refreshing native plugins compatible for Editor in 120.37 ms, found 7 plugins.
Preloading 1 native plugins for Editor in 1.95 ms.
Initialize engine version: 2020.3.15f2 (6cf78cb77498)
[Subsystems] Discovering subsystems at path C:/Program Files/Unity/2020.3.15f2/Editor/Data/Resources/UnitySubsystems
[Subsystems] Discovering subsystems at path C:/TempleEscapeV2/Assets
GfxDevice: creating device client; threaded=0
Direct3D:
    Version:  Direct3D 11.0 [level 11.1]
    Renderer: NVIDIA GeForce GTX 1660 Ti (ID=0x2191)
    Vendor:   
    VRAM:     5991 MB
    Driver:   27.21.14.6192
Shader 'Universal Render Pipeline/Particles/Lit': fallback shader 'Universal Render Pipeline/Particles/SimpleLit' not found
Shader 'Oculus/OVRMRCameraFrameLit': fallback shader 'Alpha-Diffuse' not found
Initialize mono
Mono path[0] = 'C:/Program Files/Unity/2020.3.15f2/Editor/Data/Managed'
Mono path[1] = 'C:/Program Files/Unity/2020.3.15f2/Editor/Data/MonoBleedingEdge/lib/mono/unityjit'
Mono config path = 'C:/Program Files/Unity/2020.3.15f2/Editor/Data/MonoBleedingEdge/etc'
Using monoOptions --debugger-agent=transport=dt_socket,embedding=1,server=y,suspend=n,address=127.0.0.1:56864
Begin MonoManager ReloadAssembly
Registering precompiled unity dll's ...
Register platform support module: C:/Program Files/Unity/2020.3.15f2/Editor/Data/PlaybackEngines/WebGLSupport/UnityEditor.WebGL.Extensions.dll
Register platform support module: C:/Program Files/Unity/2020.3.15f2/Editor/Data/PlaybackEngines/WindowsStandaloneSupport/UnityEditor.WindowsStandalone.Extensions.dll
Registered in 0.003484 seconds.
Native extension for WindowsStandalone target not found
Native extension for WebGL target not found
Refreshing native plugins compatible for Editor in 142.53 ms, found 7 plugins.
Preloading 1 native plugins for Editor in 0.14 ms.
Mono: successfully reloaded assembly
- Completed reload, in  4.774 seconds
Domain Reload Profiling:
	ReloadAssembly (4774ms)
		BeginReloadAssembly (65ms)
			ExecutionOrderSort (0ms)
			DisableScriptedObjects (0ms)
			BackupInstance (0ms)
			ReleaseScriptingObjects (0ms)
			CreateAndSetChildDomain (1ms)
		EndReloadAssembly (538ms)
			LoadAssemblies (62ms)
			RebuildTransferFunctionScriptingTraits (0ms)
			SetupTypeCache (142ms)
			ReleaseScriptCaches (0ms)
			RebuildScriptCaches (39ms)
			SetupLoadedEditorAssemblies (273ms)
				LogAssemblyErrors (0ms)
				InitializePlatformSupportModulesInManaged (5ms)
				SetLoadedEditorAssemblies (0ms)
				RefreshPlugins (143ms)
				BeforeProcessingInitializeOnLoad (11ms)
				ProcessInitializeOnLoadAttributes (87ms)
				ProcessInitializeOnLoadMethodAttributes (26ms)
				AfterProcessingInitializeOnLoad (0ms)
				EditorAssembliesLoaded (0ms)
			ExecutionOrderSort2 (0ms)
			AwakeInstancesAfterBackupRestoration (0ms)
Platform modules already initialized, skipping
Registering precompiled user dll's ...
Registered in 0.014446 seconds.
Begin MonoManager ReloadAssembly
Native extension for WindowsStandalone target not found
Native extension for WebGL target not found
Refreshing native plugins compatible for Editor in 103.30 ms, found 7 plugins.
Preloading 1 native plugins for Editor in 0.15 ms.
[XR] OculusXRPlugin: registering subsystems
[XR] Unable to register display lifecyle provider: [1]
[XR] Oculus Input lifecycle provider registered.
[XR] Unable to register input lifecyle provider: [1]
[XR] OVRP version 1.67.0
Mono: successfully reloaded assembly
- Completed reload, in  1.576 seconds
Domain Reload Profiling:
	ReloadAssembly (1577ms)
		BeginReloadAssembly (150ms)
			ExecutionOrderSort (0ms)
			DisableScriptedObjects (4ms)
			BackupInstance (0ms)
			ReleaseScriptingObjects (0ms)
			CreateAndSetChildDomain (18ms)
		EndReloadAssembly (1358ms)
			LoadAssemblies (111ms)
			RebuildTransferFunctionScriptingTraits (0ms)
			SetupTypeCache (343ms)
			ReleaseScriptCaches (1ms)
			RebuildScriptCaches (86ms)
			SetupLoadedEditorAssemblies (673ms)
				LogAssemblyErrors (0ms)
				InitializePlatformSupportModulesInManaged (5ms)
				SetLoadedEditorAssemblies (0ms)
				RefreshPlugins (104ms)
				BeforeProcessingInitializeOnLoad (143ms)
				ProcessInitializeOnLoadAttributes (399ms)
				ProcessInitializeOnLoadMethodAttributes (13ms)
				AfterProcessingInitializeOnLoad (8ms)
				EditorAssembliesLoaded (0ms)
			ExecutionOrderSort2 (0ms)
			AwakeInstancesAfterBackupRestoration (5ms)
Platform modules already initialized, skipping
========================================================================
Worker process is ready to serve import requests
Shader 'Universal Render Pipeline/Particles/Lit': fallback shader 'Universal Render Pipeline/Particles/SimpleLit' not found
Shader 'Oculus/OVRMRCameraFrameLit': fallback shader 'Alpha-Diffuse' not found
Launched and connected shader compiler UnityShaderCompiler.exe after 0.08 seconds
Refreshing native plugins compatible for Editor in 1.20 ms, found 7 plugins.
Preloading 1 native plugins for Editor in 0.13 ms.
Unloading 4094 Unused Serialized files (Serialized files now loaded: 0)
System memory in use before: 191.1 MB.
System memory in use after: 191.3 MB.

Unloading 56 unused Assets to reduce memory usage. Loaded Objects now: 4545.
Total: 3.792300 ms (FindLiveObjects: 0.537600 ms CreateObjectMapping: 0.156600 ms MarkObjects: 2.980300 ms  DeleteObjects: 0.115300 ms)

AssetImportParameters requested are different than current active one (requested -> active):
  custom:framework-win-MediaFoundation: 216162199b28c13a410421893ffa2e32 -> 
  custom:video-decoder-ogg-theora: a1e56fd34408186e4bbccfd4996cb3dc -> 
  custom:container-muxer-webm: aa71ff27fc2769a1b78a27578f13a17b -> 
  custom:container-demuxer-webm: 4f35f7cbe854078d1ac9338744f61a02 -> 
  custom:container-demuxer-ogg: 62fdf1f143b41e24485cea50d1cbac27 -> 
  custom:video-encoder-webm-vp8: eb34c28f22e8b96e1ab97ce403110664 -> 
  custom:video-codec-MediaFoundation-h265: 746d11721c4dcdbdad8f713fa42b33f4 -> 
  custom:video-decoder-webm-vp8: 9c59270c3fd7afecdb556c50c9e8de78 -> 
  custom:audio-decoder-ogg-vorbis: bf7c407c2cedff20999df2af8eb42d56 -> 
  custom:audio-encoder-webm-vorbis: bf7c407c2cedff20999df2af8eb42d56 -> 
========================================================================
Received Import Request.
  path: Assets/DevKits/Normal/Resources/NormcoreAppSettings.asset
  artifactKey: Guid(5008d02426e7c0a42a23e02a92f2cf86) Importer(815301076,1909f56bfc062723c751e8b465ee728b)
Start importing Assets/DevKits/Normal/Resources/NormcoreAppSettings.asset using Guid(5008d02426e7c0a42a23e02a92f2cf86) Importer(815301076,1909f56bfc062723c751e8b465ee728b)  -> (artifact id: 'ae765d0883ac56c317f1ebf7e696d6aa') in 0.082361 seconds 
  Import took 0.090098 seconds .

========================================================================
Received Import Request.
  Time since last request: 27.073115 seconds.
  path: Assets/DevKits/Normal/Resources/Test.asset
  artifactKey: Guid(023a9573522968d4998e2b21ae13af23) Importer(815301076,1909f56bfc062723c751e8b465ee728b)
Start importing Assets/DevKits/Normal/Resources/Test.asset using Guid(023a9573522968d4998e2b21ae13af23) Importer(815301076,1909f56bfc062723c751e8b465ee728b)  -> (artifact id: 'a10fe4307bc19ae77b7f3c4988582bba') in 0.008586 seconds 
  Import took 0.016306 seconds .

========================================================================
Received Import Request.
  Time since last request: 0.018718 seconds.
  path: Assets/DevKits/Normal/Resources/Test.asset
  artifactKey: Guid(023a9573522968d4998e2b21ae13af23) Importer(815301076,1909f56bfc062723c751e8b465ee728b)
Start importing Assets/DevKits/Normal/Resources/Test.asset using Guid(023a9573522968d4998e2b21ae13af23) Importer(815301076,1909f56bfc062723c751e8b465ee728b)  -> (artifact id: 'a10fe4307bc19ae77b7f3c4988582bba') in 0.004050 seconds 
  Import took 0.010180 seconds .

========================================================================
Received Import Request.
  Time since last request: 23.479415 seconds.
  path: Assets/DevKits/Normal/Resources/Test.asset
  artifactKey: Guid(023a9573522968d4998e2b21ae13af23) Importer(815301076,1909f56bfc062723c751e8b465ee728b)
Start importing Assets/DevKits/Normal/Resources/Test.asset using Guid(023a9573522968d4998e2b21ae13af23) Importer(815301076,1909f56bfc062723c751e8b465ee728b)  -> (artifact id: '6e5d4520cfa7b1ae370c9ea4cce902aa') in 0.004849 seconds 
  Import took 0.012991 seconds .

========================================================================
Received Import Request.
  Time since last request: 0.008116 seconds.
  path: Assets/DevKits/Normal/Resources/Test.asset
  artifactKey: Guid(023a9573522968d4998e2b21ae13af23) Importer(815301076,1909f56bfc062723c751e8b465ee728b)
Start importing Assets/DevKits/Normal/Resources/Test.asset using Guid(023a9573522968d4998e2b21ae13af23) Importer(815301076,1909f56bfc062723c751e8b465ee728b)  -> (artifact id: '6e5d4520cfa7b1ae370c9ea4cce902aa') in 0.004568 seconds 
  Import took 0.010837 seconds .

========================================================================
Received Prepare
Registering precompiled user dll's ...
Registered in 0.011662 seconds.
Begin MonoManager ReloadAssembly
Native extension for WindowsStandalone target not found
Native extension for WebGL target not found
Refreshing native plugins compatible for Editor in 1.45 ms, found 7 plugins.
Preloading 1 native plugins for Editor in 0.16 ms.
Mono: successfully reloaded assembly
- Completed reload, in  1.469 seconds
Domain Reload Profiling:
	ReloadAssembly (1469ms)
		BeginReloadAssembly (139ms)
			ExecutionOrderSort (0ms)
			DisableScriptedObjects (6ms)
			BackupInstance (0ms)
			ReleaseScriptingObjects (0ms)
			CreateAndSetChildDomain (43ms)
		EndReloadAssembly (1252ms)
			LoadAssemblies (120ms)
			RebuildTransferFunctionScriptingTraits (0ms)
			SetupTypeCache (356ms)
			ReleaseScriptCaches (1ms)
			RebuildScriptCaches (64ms)
			SetupLoadedEditorAssemblies (559ms)
				LogAssemblyErrors (0ms)
				InitializePlatformSupportModulesInManaged (7ms)
				SetLoadedEditorAssemblies (0ms)
				RefreshPlugins (2ms)
				BeforeProcessingInitializeOnLoad (152ms)
				ProcessInitializeOnLoadAttributes (381ms)
				ProcessInitializeOnLoadMethodAttributes (8ms)
				AfterProcessingInitializeOnLoad (9ms)
				EditorAssembliesLoaded (0ms)
			ExecutionOrderSort2 (0ms)
			AwakeInstancesAfterBackupRestoration (10ms)
Platform modules already initialized, skipping
Switching build target platform(19) subTarget(0) extendedPlatform(0) -> platform(13) subTarget(524288) extendedPlatform(0)
Shader 'Universal Render Pipeline/Particles/Lit': fallback shader 'Universal Render Pipeline/Particles/SimpleLit' not found
Shader 'Oculus/OVRMRCameraFrameLit': fallback shader 'Alpha-Diffuse' not found
Refreshing native plugins compatible for Editor in 1.30 ms, found 7 plugins.
Preloading 1 native plugins for Editor in 0.12 ms.
Unloading 3904 Unused Serialized files (Serialized files now loaded: 0)
System memory in use before: 169.6 MB.
System memory in use after: 169.8 MB.

Unloading 49 unused Assets to reduce memory usage. Loaded Objects now: 4549.
Total: 4.046200 ms (FindLiveObjects: 0.407100 ms CreateObjectMapping: 0.111300 ms MarkObjects: 3.489300 ms  DeleteObjects: 0.037000 ms)

AssetImportParameters requested are different than current active one (requested -> active):
  custom:framework-win-MediaFoundation: 216162199b28c13a410421893ffa2e32 -> 
  custom:video-decoder-ogg-theora: a1e56fd34408186e4bbccfd4996cb3dc -> 
  custom:container-muxer-webm: aa71ff27fc2769a1b78a27578f13a17b -> 
  custom:container-demuxer-webm: 4f35f7cbe854078d1ac9338744f61a02 -> 
  custom:container-demuxer-ogg: 62fdf1f143b41e24485cea50d1cbac27 -> 
  custom:video-encoder-webm-vp8: eb34c28f22e8b96e1ab97ce403110664 -> 
  custom:video-codec-MediaFoundation-h265: 746d11721c4dcdbdad8f713fa42b33f4 -> 
  custom:video-decoder-webm-vp8: 9c59270c3fd7afecdb556c50c9e8de78 -> 
  custom:graphics/normal-map-encoding: 01000000000000000000000000000000 -> 02000000000000000000000000000000
  custom:audio-decoder-ogg-vorbis: bf7c407c2cedff20999df2af8eb42d56 -> 
  custom:audio-encoder-webm-vorbis: bf7c407c2cedff20999df2af8eb42d56 -> 
========================================================================
Received Import Request.
  Time since last request: 220.338943 seconds.
  path: Assets/Project Assets/Scenes/Level 2.unity
  artifactKey: Guid(7f92b6f2cd707ab4699b201539971292) Importer(815301076,1909f56bfc062723c751e8b465ee728b)
Start importing Assets/Project Assets/Scenes/Level 2.unity using Guid(7f92b6f2cd707ab4699b201539971292) Importer(815301076,1909f56bfc062723c751e8b465ee728b)  -> (artifact id: '26d38b576143edadf2d21494fa357682') in 0.060981 seconds 
  Import took 0.069116 seconds .

========================================================================
Received Import Request.
  Time since last request: 44.862232 seconds.
  path: Assets/Project Assets/Scenes/Level 2.unity
  artifactKey: Guid(7f92b6f2cd707ab4699b201539971292) Importer(815301076,1909f56bfc062723c751e8b465ee728b)
Start importing Assets/Project Assets/Scenes/Level 2.unity using Guid(7f92b6f2cd707ab4699b201539971292) Importer(815301076,1909f56bfc062723c751e8b465ee728b)  -> (artifact id: '5758a0db542b8128c8d4cb10dd6b0486') in 0.004401 seconds 
  Import took 0.011362 seconds .

========================================================================
Received Import Request.
  Time since last request: 22.377141 seconds.
  path: Assets/Project Assets/Scenes/Level 1.unity
  artifactKey: Guid(9fc0d4010bbf28b4594072e72b8655ab) Importer(815301076,1909f56bfc062723c751e8b465ee728b)
Start importing Assets/Project Assets/Scenes/Level 1.unity using Guid(9fc0d4010bbf28b4594072e72b8655ab) Importer(815301076,1909f56bfc062723c751e8b465ee728b)  -> (artifact id: '905fe28bc612a05c59cc380ec8d45b19') in 0.008038 seconds 
  Import took 0.014960 seconds .

========================================================================
Received Prepare
Registering precompiled user dll's ...
Registered in 0.012434 seconds.
Begin MonoManager ReloadAssembly
Native extension for WindowsStandalone target not found
Native extension for WebGL target not found
Refreshing native plugins compatible for Editor in 1.31 ms, found 7 plugins.
Preloading 1 native plugins for Editor in 0.18 ms.
Mono: successfully reloaded assembly
- Completed reload, in  1.391 seconds
Domain Reload Profiling:
	ReloadAssembly (1391ms)
		BeginReloadAssembly (130ms)
			ExecutionOrderSort (0ms)
			DisableScriptedObjects (6ms)
			BackupInstance (0ms)
			ReleaseScriptingObjects (0ms)
			CreateAndSetChildDomain (44ms)
		EndReloadAssembly (1194ms)
			LoadAssemblies (116ms)
			RebuildTransferFunctionScriptingTraits (0ms)
			SetupTypeCache (336ms)
			ReleaseScriptCaches (1ms)
			RebuildScriptCaches (58ms)
			SetupLoadedEditorAssemblies (534ms)
				LogAssemblyErrors (0ms)
				InitializePlatformSupportModulesInManaged (5ms)
				SetLoadedEditorAssemblies (0ms)
				RefreshPlugins (2ms)
				BeforeProcessingInitializeOnLoad (145ms)
				ProcessInitializeOnLoadAttributes (365ms)
				ProcessInitializeOnLoadMethodAttributes (8ms)
				AfterProcessingInitializeOnLoad (8ms)
				EditorAssembliesLoaded (0ms)
			ExecutionOrderSort2 (0ms)
			AwakeInstancesAfterBackupRestoration (10ms)
Platform modules already initialized, skipping
Switching build target platform(19) subTarget(0) extendedPlatform(0) -> platform(13) subTarget(524288) extendedPlatform(0)
Shader 'Universal Render Pipeline/Particles/Lit': fallback shader 'Universal Render Pipeline/Particles/SimpleLit' not found
Shader 'Oculus/OVRMRCameraFrameLit': fallback shader 'Alpha-Diffuse' not found
Refreshing native plugins compatible for Editor in 1.26 ms, found 7 plugins.
Preloading 1 native plugins for Editor in 0.13 ms.
Unloading 3904 Unused Serialized files (Serialized files now loaded: 0)
System memory in use before: 169.7 MB.
System memory in use after: 169.9 MB.

Unloading 49 unused Assets to reduce memory usage. Loaded Objects now: 4553.
Total: 3.744300 ms (FindLiveObjects: 0.428300 ms CreateObjectMapping: 0.149100 ms MarkObjects: 3.123500 ms  DeleteObjects: 0.042100 ms)

AssetImportParameters requested are different than current active one (requested -> active):
  custom:framework-win-MediaFoundation: 216162199b28c13a410421893ffa2e32 -> 
  custom:video-decoder-ogg-theora: a1e56fd34408186e4bbccfd4996cb3dc -> 
  custom:container-muxer-webm: aa71ff27fc2769a1b78a27578f13a17b -> 
  custom:container-demuxer-webm: 4f35f7cbe854078d1ac9338744f61a02 -> 
  custom:container-demuxer-ogg: 62fdf1f143b41e24485cea50d1cbac27 -> 
  custom:video-encoder-webm-vp8: eb34c28f22e8b96e1ab97ce403110664 -> 
  custom:video-codec-MediaFoundation-h265: 746d11721c4dcdbdad8f713fa42b33f4 -> 
  custom:video-decoder-webm-vp8: 9c59270c3fd7afecdb556c50c9e8de78 -> 
  custom:graphics/normal-map-encoding: 01000000000000000000000000000000 -> 02000000000000000000000000000000
  custom:audio-decoder-ogg-vorbis: bf7c407c2cedff20999df2af8eb42d56 -> 
  custom:audio-encoder-webm-vorbis: bf7c407c2cedff20999df2af8eb42d56 -> 
========================================================================
Received Import Request.
  Time since last request: 92.725923 seconds.
  path: Assets/image (1).png
  artifactKey: Guid(5ce76d24de4717d49bd007f2c6ab0181) Importer(815301076,1909f56bfc062723c751e8b465ee728b)
Start importing Assets/image (1).png using Guid(5ce76d24de4717d49bd007f2c6ab0181) Importer(815301076,1909f56bfc062723c751e8b465ee728b)  -> (artifact id: '4a51fbe1c2a15de7bd4ae94a7483df6c') in 0.125668 seconds 
  Import took 0.134468 seconds .

========================================================================
Received Import Request.
  Time since last request: 0.000289 seconds.
  path: Assets/image (2).png
  artifactKey: Guid(0da447c823448914cbdb01f497b460a5) Importer(815301076,1909f56bfc062723c751e8b465ee728b)
Start importing Assets/image (2).png using Guid(0da447c823448914cbdb01f497b460a5) Importer(815301076,1909f56bfc062723c751e8b465ee728b)  -> (artifact id: 'f3e8617c839475912569fe344184977a') in 0.025671 seconds 
  Import took 0.033562 seconds .

========================================================================
Received Import Request.
  Time since last request: 12.714684 seconds.
  path: Assets/image (1).png
  artifactKey: Guid(5ce76d24de4717d49bd007f2c6ab0181) Importer(815301076,1909f56bfc062723c751e8b465ee728b)
Start importing Assets/image (1).png using Guid(5ce76d24de4717d49bd007f2c6ab0181) Importer(815301076,1909f56bfc062723c751e8b465ee728b)  -> (artifact id: '496b9ea8a0b84cb1f432a4d0db3390d8') in 0.053123 seconds 
  Import took 0.059539 seconds .

========================================================================
Received Import Request.
  Time since last request: 0.000332 seconds.
  path: Assets/image (2).png
  artifactKey: Guid(0da447c823448914cbdb01f497b460a5) Importer(815301076,1909f56bfc062723c751e8b465ee728b)
Start importing Assets/image (2).png using Guid(0da447c823448914cbdb01f497b460a5) Importer(815301076,1909f56bfc062723c751e8b465ee728b)  -> (artifact id: 'e18da99c92ca835ab6488ba5c00856c7') in 0.028567 seconds 
  Import took 0.036740 seconds .

========================================================================
Received Import Request.
  Time since last request: 416.178785 seconds.
  path: Assets/External Assets/broken-down-stonework1-unity/Materials/broken-down-stonework_preview 2.mat
  artifactKey: Guid(3c529e867dc500c48a6b84f6a955d848) Importer(815301076,1909f56bfc062723c751e8b465ee728b)
Start importing Assets/External Assets/broken-down-stonework1-unity/Materials/broken-down-stonework_preview 2.mat using Guid(3c529e867dc500c48a6b84f6a955d848) Importer(815301076,1909f56bfc062723c751e8b465ee728b)  -> (artifact id: '12e0c73df2645702a1ab7cf3797ff074') in 0.551614 seconds 
  Import took 0.562109 seconds .

========================================================================
Received Import Request.
  Time since last request: 102.302145 seconds.
  path: Assets/Project Assets/Scenes/Level 1.unity
  artifactKey: Guid(9fc0d4010bbf28b4594072e72b8655ab) Importer(815301076,1909f56bfc062723c751e8b465ee728b)
Start importing Assets/Project Assets/Scenes/Level 1.unity using Guid(9fc0d4010bbf28b4594072e72b8655ab) Importer(815301076,1909f56bfc062723c751e8b465ee728b)  -> (artifact id: '9aa41d943ee9f2e620e9f8c2a78c0a11') in 0.004915 seconds 
  Import took 0.011953 seconds .

========================================================================
Received Prepare
Shader 'Universal Render Pipeline/Particles/Lit': fallback shader 'Universal Render Pipeline/Particles/SimpleLit' not found
Shader 'Oculus/OVRMRCameraFrameLit': fallback shader 'Alpha-Diffuse' not found
Refreshing native plugins compatible for Editor in 17.34 ms, found 7 plugins.
Preloading 1 native plugins for Editor in 0.09 ms.
Unloading 46 Unused Serialized files (Serialized files now loaded: 0)
System memory in use before: 106.0 MB.
System memory in use after: 106.3 MB.

Unloading 46 unused Assets to reduce memory usage. Loaded Objects now: 4660.
Total: 4.669000 ms (FindLiveObjects: 0.445100 ms CreateObjectMapping: 0.108800 ms MarkObjects: 4.080700 ms  DeleteObjects: 0.031700 ms)

AssetImportParameters requested are different than current active one (requested -> active):
  custom:framework-win-MediaFoundation: 216162199b28c13a410421893ffa2e32 -> 
  custom:video-decoder-ogg-theora: a1e56fd34408186e4bbccfd4996cb3dc -> 
  custom:container-muxer-webm: aa71ff27fc2769a1b78a27578f13a17b -> 
  custom:container-demuxer-webm: 4f35f7cbe854078d1ac9338744f61a02 -> 
  custom:container-demuxer-ogg: 62fdf1f143b41e24485cea50d1cbac27 -> 
  custom:video-encoder-webm-vp8: eb34c28f22e8b96e1ab97ce403110664 -> 
  custom:video-codec-MediaFoundation-h265: 746d11721c4dcdbdad8f713fa42b33f4 -> 
  custom:video-decoder-webm-vp8: 9c59270c3fd7afecdb556c50c9e8de78 -> 
  custom:audio-decoder-ogg-vorbis: bf7c407c2cedff20999df2af8eb42d56 -> 
  custom:audio-encoder-webm-vorbis: bf7c407c2cedff20999df2af8eb42d56 -> 
========================================================================
Received Prepare
Shader 'Universal Render Pipeline/Particles/Lit': fallback shader 'Universal Render Pipeline/Particles/SimpleLit' not found
Shader 'Oculus/OVRMRCameraFrameLit': fallback shader 'Alpha-Diffuse' not found
Refreshing native plugins compatible for Editor in 16.05 ms, found 7 plugins.
Preloading 1 native plugins for Editor in 0.08 ms.
Unloading 46 Unused Serialized files (Serialized files now loaded: 0)
System memory in use before: 106.0 MB.
System memory in use after: 106.3 MB.

Unloading 46 unused Assets to reduce memory usage. Loaded Objects now: 4660.
Total: 4.425900 ms (FindLiveObjects: 0.420300 ms CreateObjectMapping: 0.110500 ms MarkObjects: 3.860700 ms  DeleteObjects: 0.032800 ms)

AssetImportParameters requested are different than current active one (requested -> active):
  custom:framework-win-MediaFoundation: 216162199b28c13a410421893ffa2e32 -> 
  custom:video-decoder-ogg-theora: a1e56fd34408186e4bbccfd4996cb3dc -> 
  custom:container-muxer-webm: aa71ff27fc2769a1b78a27578f13a17b -> 
  custom:container-demuxer-webm: 4f35f7cbe854078d1ac9338744f61a02 -> 
  custom:container-demuxer-ogg: 62fdf1f143b41e24485cea50d1cbac27 -> 
  custom:video-encoder-webm-vp8: eb34c28f22e8b96e1ab97ce403110664 -> 
  custom:video-codec-MediaFoundation-h265: 746d11721c4dcdbdad8f713fa42b33f4 -> 
  custom:video-decoder-webm-vp8: 9c59270c3fd7afecdb556c50c9e8de78 -> 
  custom:audio-decoder-ogg-vorbis: bf7c407c2cedff20999df2af8eb42d56 -> 
  custom:audio-encoder-webm-vorbis: bf7c407c2cedff20999df2af8eb42d56 -> 
========================================================================
Received Import Request.
  Time since last request: 919.064929 seconds.
  path: Assets/Project Assets/Scenes/Level 2.unity
  artifactKey: Guid(7f92b6f2cd707ab4699b201539971292) Importer(815301076,1909f56bfc062723c751e8b465ee728b)
Start importing Assets/Project Assets/Scenes/Level 2.unity using Guid(7f92b6f2cd707ab4699b201539971292) Importer(815301076,1909f56bfc062723c751e8b465ee728b)  -> (artifact id: '3594726ac7de7d9a800b16fac9eecd4b') in 0.048704 seconds 
  Import took 0.056793 seconds .

========================================================================
Received Prepare
Shader 'Universal Render Pipeline/Particles/Lit': fallback shader 'Universal Render Pipeline/Particles/SimpleLit' not found
Shader 'Oculus/OVRMRCameraFrameLit': fallback shader 'Alpha-Diffuse' not found
Refreshing native plugins compatible for Editor in 15.83 ms, found 7 plugins.
Preloading 1 native plugins for Editor in 0.09 ms.
Unloading 46 Unused Serialized files (Serialized files now loaded: 0)
System memory in use before: 106.0 MB.
System memory in use after: 106.3 MB.

Unloading 46 unused Assets to reduce memory usage. Loaded Objects now: 4660.
Total: 5.078300 ms (FindLiveObjects: 0.577700 ms CreateObjectMapping: 0.259300 ms MarkObjects: 4.207000 ms  DeleteObjects: 0.032800 ms)

AssetImportParameters requested are different than current active one (requested -> active):
  custom:framework-win-MediaFoundation: 216162199b28c13a410421893ffa2e32 -> 
  custom:video-decoder-ogg-theora: a1e56fd34408186e4bbccfd4996cb3dc -> 
  custom:container-muxer-webm: aa71ff27fc2769a1b78a27578f13a17b -> 
  custom:container-demuxer-webm: 4f35f7cbe854078d1ac9338744f61a02 -> 
  custom:container-demuxer-ogg: 62fdf1f143b41e24485cea50d1cbac27 -> 
  custom:video-encoder-webm-vp8: eb34c28f22e8b96e1ab97ce403110664 -> 
  custom:video-codec-MediaFoundation-h265: 746d11721c4dcdbdad8f713fa42b33f4 -> 
  custom:video-decoder-webm-vp8: 9c59270c3fd7afecdb556c50c9e8de78 -> 
  custom:audio-decoder-ogg-vorbis: bf7c407c2cedff20999df2af8eb42d56 -> 
  custom:audio-encoder-webm-vorbis: bf7c407c2cedff20999df2af8eb42d56 -> 
AssetImportWorkerClient::OnTransportError - code=2 error=End of file
